<?xml version="1.0" encoding="UTF-8"?>
<testng-results total="1" passed="1" failed="0" skipped="0">
  <reporter-output>
  </reporter-output>
  <suite started-at="2022-09-04T18:35:21Z" name="Default suite" finished-at="2022-09-04T18:35:34Z" duration-ms="12706">
    <groups>
    </groups>
    <test started-at="2022-09-04T18:35:21Z" name="Default test" finished-at="2022-09-04T18:35:34Z" duration-ms="12706">
      <class name="com.automation.testcases.assignment.ShopClothes">
        <test-method is-config="true" signature="setUp()[pri:0, instance:com.automation.testcases.assignment.ShopClothes@e874448]" started-at="2022-09-04T20:35:21Z" name="setUp" finished-at="2022-09-04T20:35:28Z" duration-ms="6323" status="PASS">
          <reporter-output>
          </reporter-output>
        </test-method> <!-- setUp -->
        <test-method signature="addSummerdressToCart()[pri:0, instance:com.automation.testcases.assignment.ShopClothes@e874448]" started-at="2022-09-04T20:35:28Z" name="addSummerdressToCart" finished-at="2022-09-04T20:35:34Z" duration-ms="6211" status="PASS">
          <reporter-output>
          </reporter-output>
        </test-method> <!-- addSummerdressToCart -->
        <test-method is-config="true" signature="tearDown()[pri:0, instance:com.automation.testcases.assignment.ShopClothes@e874448]" started-at="2022-09-04T20:35:34Z" name="tearDown" finished-at="2022-09-04T20:35:34Z" duration-ms="157" status="PASS">
          <reporter-output>
          </reporter-output>
        </test-method> <!-- tearDown -->
      </class> <!-- com.automation.testcases.assignment.ShopClothes -->
    </test> <!-- Default test -->
  </suite> <!-- Default suite -->
</testng-results>
