<?xml version="1.0" encoding="UTF-8"?>
<testng-results total="1" passed="1" failed="0" skipped="0">
  <reporter-output>
  </reporter-output>
  <suite started-at="2022-09-04T18:42:22Z" name="Default suite" finished-at="2022-09-04T18:42:34Z" duration-ms="12848">
    <groups>
    </groups>
    <test started-at="2022-09-04T18:42:22Z" name="Default test" finished-at="2022-09-04T18:42:34Z" duration-ms="12848">
      <class name="com.automation.testcases.assignment.ShopClothes">
        <test-method is-config="true" signature="setUp()[pri:0, instance:com.automation.testcases.assignment.ShopClothes@6ee12bac]" started-at="2022-09-04T20:42:22Z" name="setUp" finished-at="2022-09-04T20:42:28Z" duration-ms="6599" status="PASS">
          <reporter-output>
          </reporter-output>
        </test-method> <!-- setUp -->
        <test-method signature="addSummerdressToCart()[pri:0, instance:com.automation.testcases.assignment.ShopClothes@6ee12bac]" started-at="2022-09-04T20:42:28Z" name="addSummerdressToCart" description="Verify summer dress can be added to cart and not possible to proceed to sign in section" finished-at="2022-09-04T20:42:34Z" duration-ms="5957" status="PASS">
          <reporter-output>
          </reporter-output>
        </test-method> <!-- addSummerdressToCart -->
        <test-method is-config="true" signature="tearDown()[pri:0, instance:com.automation.testcases.assignment.ShopClothes@6ee12bac]" started-at="2022-09-04T20:42:34Z" name="tearDown" finished-at="2022-09-04T20:42:34Z" duration-ms="258" status="PASS">
          <reporter-output>
          </reporter-output>
        </test-method> <!-- tearDown -->
      </class> <!-- com.automation.testcases.assignment.ShopClothes -->
    </test> <!-- Default test -->
  </suite> <!-- Default suite -->
</testng-results>
